{"level":"warn","message":"Error registering user","timestamp":"2023-12-18T20:37:40.146Z"}
{"level":"error","timestamp":"2023-12-18T20:47:16.526Z"}
{"level":"error","message":"Error while creating user cartModel is not defined","stack":"ReferenceError: cartModel is not defined\n    at model.<anonymous> (file:///home/gonzalo/Escritorio/proyecto-final-coder/server/src/models/usersModel.js:39:21)\n    at callMiddlewareFunction (/home/gonzalo/Escritorio/proyecto-final-coder/server/node_modules/kareem/index.js:628:27)\n    at model.next (/home/gonzalo/Escritorio/proyecto-final-coder/server/node_modules/kareem/index.js:93:7)\n    at _next (/home/gonzalo/Escritorio/proyecto-final-coder/server/node_modules/kareem/index.js:146:10)\n    at /home/gonzalo/Escritorio/proyecto-final-coder/server/node_modules/kareem/index.js:653:30\n    at process.processTicksAndRejections (node:internal/process/task_queues:77:11)","timestamp":"2023-12-18T20:49:00.606Z"}
{"level":"error","timestamp":"2023-12-18T20:49:00.608Z"}
{"level":"warn","message":"Error registering user","timestamp":"2023-12-18T20:51:24.368Z"}
{"level":"error","message":"Error al procesar compra para usuario john.doe@example.com: ReferenceError: productModel is not defined","timestamp":"2023-12-19T22:16:55.038Z"}
{"level":"error","message":"Error al procesar compra para usuario john.doe@example.com: ReferenceError: productModel is not defined","timestamp":"2023-12-19T22:19:51.905Z"}
{"level":"error","message":"Error al procesar compra para usuario john.doe@example.com: ReferenceError: ticketController is not defined","timestamp":"2023-12-19T22:20:09.722Z"}
{"level":"error","message":"Error al procesar compra para usuario john.doe@example.com: ReferenceError: logger is not defined","timestamp":"2023-12-19T22:22:07.822Z"}
{"level":"error","message":"Error al procesar compra para usuario john.doe@example.com: ReferenceError: logger is not defined","timestamp":"2023-12-19T22:22:28.450Z"}
{"level":"error","message":"Error al procesar compra para usuario john.doe@example.com: ReferenceError: logger is not defined","timestamp":"2023-12-19T22:22:51.554Z"}
{"level":"error","message":"Error al procesar compra para usuario undefined: ReferenceError: logger is not defined","timestamp":"2023-12-19T23:02:57.781Z"}
{"level":"error","message":"Error al procesar compra para usuario undefined: ReferenceError: logger is not defined","timestamp":"2023-12-19T23:06:10.521Z"}
{"level":"error","message":"Error al procesar compra para usuario undefined: ReferenceError: logger is not defined","timestamp":"2023-12-19T23:08:37.420Z"}
{"level":"error","message":"Error al procesar compra para usuario undefined: ReferenceError: logger is not defined","timestamp":"2023-12-19T23:09:23.066Z"}
{"level":"error","message":"Error al procesar compra para usuario undefined: ReferenceError: logger is not defined","timestamp":"2023-12-19T23:10:50.612Z"}
{"level":"error","message":"Error al procesar compra para usuario undefined: ReferenceError: logger is not defined","timestamp":"2023-12-19T23:10:57.181Z"}
{"level":"error","message":"Error al procesar compra para usuario undefined: ReferenceError: logger is not defined","timestamp":"2023-12-19T23:10:58.573Z"}
{"level":"error","message":"Error al procesar compra para usuario undefined: ReferenceError: logger is not defined","timestamp":"2023-12-19T23:11:21.250Z"}
{"level":"error","message":"Error al procesar compra para usuario undefined: ReferenceError: logger is not defined","timestamp":"2023-12-19T23:13:05.521Z"}
{"level":"error","message":"Error al procesar compra para usuario undefined: ReferenceError: productModel is not defined","timestamp":"2023-12-19T23:15:14.069Z"}
{"level":"error","message":"Error al procesar compra para usuario undefined: ReferenceError: logger is not defined","timestamp":"2023-12-19T23:15:30.873Z"}
{"level":"error","message":"Error al procesar compra para usuario undefined: ReferenceError: logger is not defined","timestamp":"2023-12-19T23:16:21.584Z"}
{"level":"error","message":"Error al procesar compra para usuario undefined: ReferenceError: logger is not defined","timestamp":"2023-12-19T23:17:09.637Z"}
{"level":"error","message":"Error al generar ticket: ValidationError: purchaser: Path `purchaser` is required.","timestamp":"2023-12-19T23:17:39.959Z"}
{"_message":"tickes validation failed","errors":{"purchaser":{"kind":"required","message":"Path `purchaser` is required.","name":"ValidatorError","path":"purchaser","properties":{"message":"Path `purchaser` is required.","path":"purchaser","type":"required"}}},"level":"error","timestamp":"2023-12-19T23:17:39.960Z"}
{"level":"error","message":"Error al procesar compra para usuario undefined: Error [ERR_HTTP_HEADERS_SENT]: Cannot set headers after they are sent to the client","timestamp":"2023-12-19T23:17:40.009Z"}
{"level":"error","message":"Error al generar ticket: ValidationError: purchaser: Path `purchaser` is required.","timestamp":"2023-12-19T23:18:39.629Z"}
{"_message":"tickes validation failed","errors":{"purchaser":{"kind":"required","message":"Path `purchaser` is required.","name":"ValidatorError","path":"purchaser","properties":{"message":"Path `purchaser` is required.","path":"purchaser","type":"required"}}},"level":"error","timestamp":"2023-12-19T23:18:39.631Z"}
{"level":"error","message":"Error al procesar compra para usuario undefined: Error [ERR_HTTP_HEADERS_SENT]: Cannot set headers after they are sent to the client","timestamp":"2023-12-19T23:18:39.683Z"}
{"level":"error","message":"Error al generar ticket: ValidationError: purchaser: Path `purchaser` is required.","timestamp":"2023-12-19T23:20:24.779Z"}
{"_message":"tickes validation failed","errors":{"purchaser":{"kind":"required","message":"Path `purchaser` is required.","name":"ValidatorError","path":"purchaser","properties":{"message":"Path `purchaser` is required.","path":"purchaser","type":"required"}}},"level":"error","timestamp":"2023-12-19T23:20:24.782Z"}
{"level":"error","message":"Error al procesar compra para usuario undefined: Error [ERR_HTTP_HEADERS_SENT]: Cannot set headers after they are sent to the client","timestamp":"2023-12-19T23:20:24.833Z"}
{"level":"error","message":"Error al generar ticket: ValidationError: purchaser: Path `purchaser` is required.","timestamp":"2023-12-19T23:21:23.371Z"}
{"_message":"tickes validation failed","errors":{"purchaser":{"kind":"required","message":"Path `purchaser` is required.","name":"ValidatorError","path":"purchaser","properties":{"message":"Path `purchaser` is required.","path":"purchaser","type":"required"}}},"level":"error","timestamp":"2023-12-19T23:21:23.373Z"}
{"level":"error","message":"Error al procesar compra para usuario undefined: Error [ERR_HTTP_HEADERS_SENT]: Cannot set headers after they are sent to the client","timestamp":"2023-12-19T23:21:23.423Z"}
{"level":"error","message":"Error al generar ticket: ValidationError: amount: Path `amount` is required., purchaser: Path `purchaser` is required.","timestamp":"2023-12-19T23:22:07.356Z"}
{"_message":"tickes validation failed","errors":{"amount":{"kind":"required","message":"Path `amount` is required.","name":"ValidatorError","path":"amount","properties":{"message":"Path `amount` is required.","path":"amount","type":"required"}},"purchaser":{"kind":"required","message":"Path `purchaser` is required.","name":"ValidatorError","path":"purchaser","properties":{"message":"Path `purchaser` is required.","path":"purchaser","type":"required"}}},"level":"error","timestamp":"2023-12-19T23:22:07.357Z"}
{"level":"error","message":"Error al generar ticket: ValidationError: amount: Path `amount` is required., purchaser: Path `purchaser` is required.","timestamp":"2023-12-19T23:22:48.688Z"}
{"_message":"tickes validation failed","errors":{"amount":{"kind":"required","message":"Path `amount` is required.","name":"ValidatorError","path":"amount","properties":{"message":"Path `amount` is required.","path":"amount","type":"required"}},"purchaser":{"kind":"required","message":"Path `purchaser` is required.","name":"ValidatorError","path":"purchaser","properties":{"message":"Path `purchaser` is required.","path":"purchaser","type":"required"}}},"level":"error","timestamp":"2023-12-19T23:22:48.689Z"}
{"level":"error","message":"Error al generar ticket: ValidationError: amount: Path `amount` is required., purchaser: Path `purchaser` is required.","timestamp":"2023-12-19T23:56:52.806Z"}
{"_message":"tickes validation failed","errors":{"amount":{"kind":"required","message":"Path `amount` is required.","name":"ValidatorError","path":"amount","properties":{"message":"Path `amount` is required.","path":"amount","type":"required"}},"purchaser":{"kind":"required","message":"Path `purchaser` is required.","name":"ValidatorError","path":"purchaser","properties":{"message":"Path `purchaser` is required.","path":"purchaser","type":"required"}}},"level":"error","timestamp":"2023-12-19T23:56:52.806Z"}
{"level":"error","message":"Error al generar ticket: ValidationError: amount: Path `amount` is required., purchaser: Path `purchaser` is required.","timestamp":"2023-12-19T23:58:52.883Z"}
{"level":"error","message":"Error al generar ticket: ValidationError: amount: Path `amount` is required., purchaser: Path `purchaser` is required.","timestamp":"2023-12-19T23:59:48.284Z"}
{"_message":"tickes validation failed","errors":{"amount":{"kind":"required","message":"Path `amount` is required.","name":"ValidatorError","path":"amount","properties":{"message":"Path `amount` is required.","path":"amount","type":"required"}},"purchaser":{"kind":"required","message":"Path `purchaser` is required.","name":"ValidatorError","path":"purchaser","properties":{"message":"Path `purchaser` is required.","path":"purchaser","type":"required"}}},"level":"error","timestamp":"2023-12-19T23:59:48.286Z"}
{"level":"error","message":"Error al generar ticket: ValidationError: amount: Path `amount` is required., purchaser: Path `purchaser` is required.","timestamp":"2023-12-20T00:00:19.733Z"}
{"_message":"tickes validation failed","errors":{"amount":{"kind":"required","message":"Path `amount` is required.","name":"ValidatorError","path":"amount","properties":{"message":"Path `amount` is required.","path":"amount","type":"required"}},"purchaser":{"kind":"required","message":"Path `purchaser` is required.","name":"ValidatorError","path":"purchaser","properties":{"message":"Path `purchaser` is required.","path":"purchaser","type":"required"}}},"level":"error","timestamp":"2023-12-20T00:00:19.734Z"}
{"level":"error","message":"Error al generar ticket: ValidationError: amount: Path `amount` is required., purchaser: Path `purchaser` is required.","timestamp":"2023-12-20T00:02:00.027Z"}
{"_message":"tickes validation failed","errors":{"amount":{"kind":"required","message":"Path `amount` is required.","name":"ValidatorError","path":"amount","properties":{"message":"Path `amount` is required.","path":"amount","type":"required"}},"purchaser":{"kind":"required","message":"Path `purchaser` is required.","name":"ValidatorError","path":"purchaser","properties":{"message":"Path `purchaser` is required.","path":"purchaser","type":"required"}}},"level":"error","timestamp":"2023-12-20T00:02:00.027Z"}
{"level":"error","message":"Error al generar ticket: ValidationError: amount: Path `amount` is required., purchaser: Path `purchaser` is required.","timestamp":"2023-12-20T00:03:02.194Z"}
{"_message":"tickes validation failed","errors":{"amount":{"kind":"required","message":"Path `amount` is required.","name":"ValidatorError","path":"amount","properties":{"message":"Path `amount` is required.","path":"amount","type":"required"}},"purchaser":{"kind":"required","message":"Path `purchaser` is required.","name":"ValidatorError","path":"purchaser","properties":{"message":"Path `purchaser` is required.","path":"purchaser","type":"required"}}},"level":"error","timestamp":"2023-12-20T00:03:02.194Z"}
{"level":"error","message":"Error al generar ticket: ValidationError: purchaser: Path `purchaser` is required.","timestamp":"2023-12-20T00:04:22.577Z"}
{"_message":"tickes validation failed","errors":{"purchaser":{"kind":"required","message":"Path `purchaser` is required.","name":"ValidatorError","path":"purchaser","properties":{"message":"Path `purchaser` is required.","path":"purchaser","type":"required"}}},"level":"error","timestamp":"2023-12-20T00:04:22.577Z"}
{"level":"error","message":"Error al generar ticket: ValidationError: purchaser: Path `purchaser` is required.","timestamp":"2023-12-20T00:04:32.411Z"}
{"_message":"tickes validation failed","errors":{"purchaser":{"kind":"required","message":"Path `purchaser` is required.","name":"ValidatorError","path":"purchaser","properties":{"message":"Path `purchaser` is required.","path":"purchaser","type":"required"}}},"level":"error","timestamp":"2023-12-20T00:04:32.411Z"}
{"level":"error","message":"Error al procesar compra para usuario undefined: Error [ERR_HTTP_HEADERS_SENT]: Cannot set headers after they are sent to the client","timestamp":"2023-12-20T00:04:32.457Z"}
{"level":"error","message":"Error al generar ticket: ValidationError: purchaser: Path `purchaser` is required.","timestamp":"2023-12-20T00:05:59.495Z"}
{"_message":"tickes validation failed","errors":{"purchaser":{"kind":"required","message":"Path `purchaser` is required.","name":"ValidatorError","path":"purchaser","properties":{"message":"Path `purchaser` is required.","path":"purchaser","type":"required"}}},"level":"error","timestamp":"2023-12-20T00:05:59.497Z"}
{"level":"error","message":"Error al generar ticket: ValidationError: amount: Path `amount` is required., purchaser: Path `purchaser` is required.","timestamp":"2023-12-20T00:06:11.853Z"}
{"_message":"tickes validation failed","errors":{"amount":{"kind":"required","message":"Path `amount` is required.","name":"ValidatorError","path":"amount","properties":{"message":"Path `amount` is required.","path":"amount","type":"required"}},"purchaser":{"kind":"required","message":"Path `purchaser` is required.","name":"ValidatorError","path":"purchaser","properties":{"message":"Path `purchaser` is required.","path":"purchaser","type":"required"}}},"level":"error","timestamp":"2023-12-20T00:06:11.854Z"}
{"level":"error","message":"Error al generar ticket: ValidationError: purchaser: Path `purchaser` is required.","timestamp":"2023-12-20T00:06:15.240Z"}
{"_message":"tickes validation failed","errors":{"purchaser":{"kind":"required","message":"Path `purchaser` is required.","name":"ValidatorError","path":"purchaser","properties":{"message":"Path `purchaser` is required.","path":"purchaser","type":"required"}}},"level":"error","timestamp":"2023-12-20T00:06:15.241Z"}
{"level":"error","message":"Error al procesar compra para usuario undefined: Error [ERR_HTTP_HEADERS_SENT]: Cannot set headers after they are sent to the client","timestamp":"2023-12-20T00:12:22.541Z"}
{"level":"error","message":"Error al generar ticket: ValidationError: purchaser: Path `purchaser` is required.","timestamp":"2023-12-20T00:58:52.947Z"}
{"level":"error","message":"Error al procesar compra para usuario undefined: Error [ERR_HTTP_HEADERS_SENT]: Cannot set headers after they are sent to the client","timestamp":"2023-12-20T00:58:52.999Z"}
{"level":"error","message":"Error al generar ticket: ValidationError: purchaser: Path `purchaser` is required.","timestamp":"2023-12-20T01:02:40.941Z"}
{"level":"error","message":"Error al procesar compra para usuario undefined: Error [ERR_HTTP_HEADERS_SENT]: Cannot set headers after they are sent to the client","timestamp":"2023-12-20T01:02:40.989Z"}
{"level":"error","message":"Error al generar ticket: ValidationError: purchaser: Path `purchaser` is required.","timestamp":"2023-12-20T01:03:55.479Z"}
{"level":"error","message":"Error al procesar compra para usuario undefined: ValidationError: purchaser: Path `purchaser` is required.","timestamp":"2023-12-20T01:03:55.481Z"}
{"level":"error","message":"Error al generar ticket: ValidationError: purchaser: Path `purchaser` is required.","timestamp":"2023-12-20T01:04:03.043Z"}
{"level":"error","message":"Error al procesar compra para usuario undefined: ValidationError: purchaser: Path `purchaser` is required.","timestamp":"2023-12-20T01:04:03.043Z"}
{"level":"error","message":"Error al generar ticket: ValidationError: purchaser: Path `purchaser` is required.","timestamp":"2023-12-20T01:04:06.848Z"}
{"level":"error","message":"Error al procesar compra para usuario undefined: ValidationError: purchaser: Path `purchaser` is required.","timestamp":"2023-12-20T01:04:06.849Z"}
{"level":"error","message":"Error al generar ticket: ValidationError: purchaser: Path `purchaser` is required.","timestamp":"2023-12-20T01:04:16.966Z"}
{"level":"error","message":"Error al procesar compra para usuario undefined: Error [ERR_HTTP_HEADERS_SENT]: Cannot set headers after they are sent to the client","timestamp":"2023-12-20T01:04:17.018Z"}
{"level":"error","message":"Error al generar ticket: ValidationError: purchaser: Path `purchaser` is required.","timestamp":"2023-12-20T01:04:39.400Z"}
{"level":"error","message":"Error al procesar compra para usuario undefined: ValidationError: purchaser: Path `purchaser` is required.","timestamp":"2023-12-20T01:04:39.401Z"}
{"level":"error","message":"Error al generar ticket: ValidationError: purchaser: Path `purchaser` is required.","timestamp":"2023-12-20T01:04:43.095Z"}
{"level":"error","message":"Error al procesar compra para usuario undefined: ValidationError: purchaser: Path `purchaser` is required.","timestamp":"2023-12-20T01:04:43.095Z"}
{"level":"error","message":"Error al generar ticket: ValidationError: purchaser: Path `purchaser` is required.","timestamp":"2023-12-20T01:04:56.104Z"}
{"level":"error","message":"Error al procesar compra para usuario undefined: ValidationError: purchaser: Path `purchaser` is required.","timestamp":"2023-12-20T01:04:56.104Z"}
{"level":"error","message":"Error al generar ticket: ValidationError: purchaser: Path `purchaser` is required.","timestamp":"2023-12-20T01:05:27.379Z"}
{"level":"error","message":"Error al procesar compra para usuario undefined: ValidationError: purchaser: Path `purchaser` is required.","timestamp":"2023-12-20T01:05:27.379Z"}
{"level":"error","message":"Error al generar ticket: ReferenceError: totalAmount is not defined","timestamp":"2023-12-20T01:05:56.376Z"}
{"level":"error","message":"Error al generar ticket: ValidationError: purchaser: Path `purchaser` is required.","timestamp":"2023-12-20T01:06:22.786Z"}
{"level":"error","message":"Error al procesar compra para usuario undefined: Error [ERR_HTTP_HEADERS_SENT]: Cannot set headers after they are sent to the client","timestamp":"2023-12-20T01:06:22.842Z"}
{"level":"error","message":"Error al generar ticket: ValidationError: purchaser: Path `purchaser` is required.","timestamp":"2023-12-20T01:07:36.927Z"}
{"level":"error","message":"Error al procesar compra para usuario undefined: Error [ERR_HTTP_HEADERS_SENT]: Cannot set headers after they are sent to the client","timestamp":"2023-12-20T01:07:36.982Z"}
{"level":"error","message":"Error al generar ticket: ValidationError: purchaser: Path `purchaser` is required.","timestamp":"2023-12-20T01:09:46.866Z"}
{"level":"error","message":"Error al procesar compra para usuario undefined: TypeError: Cannot read properties of undefined (reading 'status')","timestamp":"2023-12-20T01:09:46.867Z"}
{"level":"error","message":"Error al generar ticket: ValidationError: purchaser: Path `purchaser` is required.","timestamp":"2023-12-20T01:10:17.101Z"}
{"level":"error","message":"Error al procesar compra para usuario undefined: Error [ERR_HTTP_HEADERS_SENT]: Cannot set headers after they are sent to the client","timestamp":"2023-12-20T01:10:17.154Z"}
{"level":"error","message":"Error al generar ticket: ValidationError: purchaser: Path `purchaser` is required.","timestamp":"2023-12-20T01:10:46.593Z"}
{"level":"error","message":"Error al generar ticket: ValidationError: purchaser: Path `purchaser` is required.","timestamp":"2023-12-20T01:12:10.195Z"}
{"level":"error","message":"Error al generar ticket: ValidationError: purchaser: Path `purchaser` is required.","timestamp":"2023-12-20T01:13:08.426Z"}
{"level":"error","message":"Error al procesar compra para usuario undefined: TypeError: Cannot read properties of undefined (reading 'status')","timestamp":"2023-12-20T01:13:08.427Z"}
{"level":"error","message":"Error al generar ticket: ValidationError: purchaser: Path `purchaser` is required.","timestamp":"2023-12-20T01:14:40.771Z"}
{"level":"error","message":"Error al procesar compra para usuario undefined: TypeError: Cannot read properties of undefined (reading 'status')","timestamp":"2023-12-20T01:14:40.772Z"}
{"level":"error","message":"Error al generar ticket: ValidationError: purchaser: Path `purchaser` is required.","timestamp":"2023-12-20T01:16:28.484Z"}
{"level":"error","message":"Error al procesar compra para usuario undefined: TypeError: Cannot read properties of undefined (reading 'status')","timestamp":"2023-12-20T01:16:28.485Z"}
{"level":"error","message":"Error al generar ticket: ValidationError: purchaser: Path `purchaser` is required.","timestamp":"2023-12-20T01:17:14.890Z"}
{"level":"error","message":"Error al procesar compra para usuario undefined: TypeError: Cannot read properties of undefined (reading 'status')","timestamp":"2023-12-20T01:17:14.892Z"}
{"level":"error","message":"Error al generar ticket: ValidationError: purchaser: Path `purchaser` is required.","timestamp":"2023-12-20T01:19:45.230Z"}
{"level":"error","message":"Error al generar ticket: ValidationError: purchaser: Path `purchaser` is required.","timestamp":"2023-12-20T01:32:51.922Z"}
{"level":"error","message":"Error al generar ticket: ValidationError: purchaser: Path `purchaser` is required.","timestamp":"2023-12-20T01:34:14.701Z"}
{"level":"error","message":"Error al generar ticket: ValidationError: purchaser: Path `purchaser` is required.","timestamp":"2023-12-20T01:34:52.427Z"}
{"level":"error","message":"Error al generar ticket: ValidationError: purchaser: Path `purchaser` is required.","timestamp":"2023-12-20T01:35:03.043Z"}
{"level":"error","message":"Error al generar ticket: ValidationError: purchaser: Path `purchaser` is required.","timestamp":"2023-12-20T01:35:28.808Z"}
{"level":"error","message":"Error al generar ticket: ValidationError: purchaser: Path `purchaser` is required.","timestamp":"2023-12-20T01:43:40.089Z"}
{"level":"error","message":"Error al generar ticket: ValidationError: purchaser: Path `purchaser` is required.","timestamp":"2023-12-20T01:44:12.790Z"}
{"level":"error","message":"Error al generar ticket: ValidationError: purchaser: Path `purchaser` is required.","timestamp":"2023-12-20T01:44:48.019Z"}
{"level":"error","message":"Error al generar ticket: ValidationError: purchaser: Path `purchaser` is required.","timestamp":"2023-12-20T01:45:25.988Z"}
{"level":"error","message":"Error al generar ticket: ValidationError: purchaser: Path `purchaser` is required.","timestamp":"2023-12-20T01:47:29.027Z"}
{"level":"error","message":"Error al generar ticket: ValidationError: purchaser: Path `purchaser` is required.","timestamp":"2023-12-20T01:48:23.308Z"}
{"level":"error","message":"Error al generar ticket: ValidationError: purchaser: Path `purchaser` is required.","timestamp":"2023-12-20T01:48:50.203Z"}
{"level":"error","message":"Error al generar ticket: ValidationError: purchaser: Path `purchaser` is required.","timestamp":"2023-12-20T01:49:47.476Z"}
{"level":"error","message":"Error al generar ticket: ValidationError: purchaser: Path `purchaser` is required.","timestamp":"2023-12-20T01:49:57.939Z"}
{"level":"error","message":"Error al generar ticket: ValidationError: purchaser: Path `purchaser` is required.","timestamp":"2023-12-20T01:50:35.340Z"}
{"level":"error","message":"Error al generar ticket: ValidationError: purchaser: Path `purchaser` is required.","timestamp":"2023-12-20T01:52:59.184Z"}
{"level":"error","message":"Error al generar ticket: ValidationError: purchaser: Path `purchaser` is required.","timestamp":"2023-12-20T01:55:49.211Z"}
